Using pre-set license
Built from '2020.3/staging' branch; Version is '2020.3.21f1 (a38c86f6690f) revision 10718342'; Using compiler version '192528614'; Build Type 'Release'
OS: 'Windows 10 Home China; OS build 19044.1645; Version 2009; 64bit' Language: 'zh' Physical Memory: 16250 MB
BatchMode: 1, IsHumanControllingUs: 0, StartBugReporterOnCrash: 0, Is64bit: 1, IsPro: 0

COMMAND LINE ARGUMENTS:
D:\unity\2020.3.21f1\Editor\Unity.exe
-adb2
-batchMode
-noUpm
-name
AssetImportWorker0
-projectPath
F:/books(pdf)/Unity_Shaders_Book
-logFile
Logs/AssetImportWorker0.log
-srvPort
59478
Successfully changed project path to: F:/books(pdf)/Unity_Shaders_Book
F:/books(pdf)/Unity_Shaders_Book
Using Asset Import Pipeline V2.
Refreshing native plugins compatible for Editor in 54.53 ms, found 2 plugins.
Preloading 0 native plugins for Editor in 0.00 ms.
Initialize engine version: 2020.3.21f1 (a38c86f6690f)
[Subsystems] Discovering subsystems at path D:/unity/2020.3.21f1/Editor/Data/Resources/UnitySubsystems
[Subsystems] Discovering subsystems at path F:/books(pdf)/Unity_Shaders_Book/Assets
GfxDevice: creating device client; threaded=0
Direct3D:
    Version:  Direct3D 11.0 [level 11.1]
    Renderer: Intel(R) UHD Graphics (ID=0x9bc4)
    Vendor:   
    VRAM:     8125 MB
    Driver:   27.20.100.9664
Initialize mono
Mono path[0] = 'D:/unity/2020.3.21f1/Editor/Data/Managed'
Mono path[1] = 'D:/unity/2020.3.21f1/Editor/Data/MonoBleedingEdge/lib/mono/unityjit'
Mono config path = 'D:/unity/2020.3.21f1/Editor/Data/MonoBleedingEdge/etc'
Using monoOptions --debugger-agent=transport=dt_socket,embedding=1,server=y,suspend=n,address=127.0.0.1:56788
Begin MonoManager ReloadAssembly
Registering precompiled unity dll's ...
Register platform support module: D:/unity/2020.3.21f1/Editor/Data/PlaybackEngines/WindowsStandaloneSupport/UnityEditor.WindowsStandalone.Extensions.dll
Registered in 0.001144 seconds.
Native extension for WindowsStandalone target not found
Refreshing native plugins compatible for Editor in 40.54 ms, found 2 plugins.
Preloading 0 native plugins for Editor in 0.00 ms.
Mono: successfully reloaded assembly
- Completed reload, in  1.384 seconds
Domain Reload Profiling:
	ReloadAssembly (1384ms)
		BeginReloadAssembly (84ms)
			ExecutionOrderSort (0ms)
			DisableScriptedObjects (0ms)
			BackupInstance (0ms)
			ReleaseScriptingObjects (0ms)
			CreateAndSetChildDomain (1ms)
		EndReloadAssembly (531ms)
			LoadAssemblies (83ms)
			RebuildTransferFunctionScriptingTraits (0ms)
			SetupTypeCache (188ms)
			ReleaseScriptCaches (0ms)
			RebuildScriptCaches (41ms)
			SetupLoadedEditorAssemblies (184ms)
				LogAssemblyErrors (0ms)
				InitializePlatformSupportModulesInManaged (4ms)
				SetLoadedEditorAssemblies (0ms)
				RefreshPlugins (41ms)
				BeforeProcessingInitializeOnLoad (18ms)
				ProcessInitializeOnLoadAttributes (89ms)
				ProcessInitializeOnLoadMethodAttributes (32ms)
				AfterProcessingInitializeOnLoad (0ms)
				EditorAssembliesLoaded (0ms)
			ExecutionOrderSort2 (0ms)
			AwakeInstancesAfterBackupRestoration (0ms)
Platform modules already initialized, skipping
Registering precompiled user dll's ...
Registered in 0.003480 seconds.
Begin MonoManager ReloadAssembly
Native extension for WindowsStandalone target not found
Refreshing native plugins compatible for Editor in 0.34 ms, found 2 plugins.
Preloading 0 native plugins for Editor in 0.00 ms.
Mono: successfully reloaded assembly
- Completed reload, in  1.137 seconds
Domain Reload Profiling:
	ReloadAssembly (1137ms)
		BeginReloadAssembly (199ms)
			ExecutionOrderSort (0ms)
			DisableScriptedObjects (6ms)
			BackupInstance (0ms)
			ReleaseScriptingObjects (0ms)
			CreateAndSetChildDomain (22ms)
		EndReloadAssembly (870ms)
			LoadAssemblies (124ms)
			RebuildTransferFunctionScriptingTraits (0ms)
			SetupTypeCache (301ms)
			ReleaseScriptCaches (0ms)
			RebuildScriptCaches (46ms)
			SetupLoadedEditorAssemblies (332ms)
				LogAssemblyErrors (0ms)
				InitializePlatformSupportModulesInManaged (6ms)
				SetLoadedEditorAssemblies (0ms)
				RefreshPlugins (0ms)
				BeforeProcessingInitializeOnLoad (75ms)
				ProcessInitializeOnLoadAttributes (238ms)
				ProcessInitializeOnLoadMethodAttributes (10ms)
				AfterProcessingInitializeOnLoad (2ms)
				EditorAssembliesLoaded (0ms)
			ExecutionOrderSort2 (0ms)
			AwakeInstancesAfterBackupRestoration (8ms)
Platform modules already initialized, skipping
========================================================================
Worker process is ready to serve import requests
Launched and connected shader compiler UnityShaderCompiler.exe after 0.05 seconds
Refreshing native plugins compatible for Editor in 0.32 ms, found 2 plugins.
Preloading 0 native plugins for Editor in 0.00 ms.
Unloading 1565 Unused Serialized files (Serialized files now loaded: 0)
System memory in use before: 87.3 MB.
System memory in use after: 87.3 MB.

Unloading 20 unused Assets to reduce memory usage. Loaded Objects now: 2001.
Total: 3.144500 ms (FindLiveObjects: 0.150800 ms CreateObjectMapping: 0.065500 ms MarkObjects: 2.750800 ms  DeleteObjects: 0.176600 ms)

AssetImportParameters requested are different than current active one (requested -> active):
  custom:framework-win-MediaFoundation: 216162199b28c13a410421893ffa2e32 -> 
  custom:video-decoder-ogg-theora: a1e56fd34408186e4bbccfd4996cb3dc -> 
  custom:container-muxer-webm: aa71ff27fc2769a1b78a27578f13a17b -> 
  custom:container-demuxer-webm: 4f35f7cbe854078d1ac9338744f61a02 -> 
  custom:container-demuxer-ogg: 62fdf1f143b41e24485cea50d1cbac27 -> 
  custom:video-encoder-webm-vp8: eb34c28f22e8b96e1ab97ce403110664 -> 
  custom:video-codec-MediaFoundation-h265: 746d11721c4dcdbdad8f713fa42b33f4 -> 
  custom:video-decoder-webm-vp8: 9c59270c3fd7afecdb556c50c9e8de78 -> 
  custom:audio-decoder-ogg-vorbis: bf7c407c2cedff20999df2af8eb42d56 -> 
  custom:audio-encoder-webm-vorbis: bf7c407c2cedff20999df2af8eb42d56 -> 
========================================================================
Received Import Request.
  path: Assets/Scenes
  artifactKey: Guid(6d6c5ae156883427d93f09f4e97efbcf) Importer(815301076,1909f56bfc062723c751e8b465ee728b)
Start importing Assets/Scenes using Guid(6d6c5ae156883427d93f09f4e97efbcf) Importer(815301076,1909f56bfc062723c751e8b465ee728b)  -> (artifact id: 'dfde2b76935b065846a4348e039258c5') in 0.007185 seconds 
  Import took 0.010007 seconds .

========================================================================
Received Import Request.
  Time since last request: 1.670567 seconds.
  path: Assets/Scenes/Chapter7
  artifactKey: Guid(2af1b378955874030a533c8d4e5448ea) Importer(815301076,1909f56bfc062723c751e8b465ee728b)
Start importing Assets/Scenes/Chapter7 using Guid(2af1b378955874030a533c8d4e5448ea) Importer(815301076,1909f56bfc062723c751e8b465ee728b)  -> (artifact id: 'dc35d393a7918c294fc5987eefccab4f') in 0.003540 seconds 
  Import took 0.007365 seconds .

========================================================================
Received Import Request.
  Time since last request: 1.332126 seconds.
  path: Assets/Scenes/Chapter7/Scene_7_1.unity
  artifactKey: Guid(e36037b51242e40158c35bf96477c740) Importer(815301076,1909f56bfc062723c751e8b465ee728b)
Start importing Assets/Scenes/Chapter7/Scene_7_1.unity using Guid(e36037b51242e40158c35bf96477c740) Importer(815301076,1909f56bfc062723c751e8b465ee728b)  -> (artifact id: 'b0687eafb5a677637de726d6728bcc8f') in 0.015188 seconds 
  Import took 0.019075 seconds .

========================================================================
Received Import Request.
  Time since last request: 20.635363 seconds.
  path: Assets/Scenes/Chapter5/Scene_5_2.unity
  artifactKey: Guid(d4c7dab7c21c9423793d95e08ed0794c) Importer(815301076,1909f56bfc062723c751e8b465ee728b)
Start importing Assets/Scenes/Chapter5/Scene_5_2.unity using Guid(d4c7dab7c21c9423793d95e08ed0794c) Importer(815301076,1909f56bfc062723c751e8b465ee728b)  -> (artifact id: '7af250f72383beeb207ef2c5b5eb47fb') in 0.004107 seconds 
  Import took 0.008757 seconds .

========================================================================
Received Import Request.
  Time since last request: 43.345132 seconds.
  path: Assets/Shaders/Chapter5/Chapter5-FalseColor.shader
  artifactKey: Guid(0b2a160f942e94b7cb07fa5946099d29) Importer(815301076,1909f56bfc062723c751e8b465ee728b)
Start importing Assets/Shaders/Chapter5/Chapter5-FalseColor.shader using Guid(0b2a160f942e94b7cb07fa5946099d29) Importer(815301076,1909f56bfc062723c751e8b465ee728b)  -> (artifact id: '7b621fe58f0d2ccd54c5aa15e3c08e87') in 0.030414 seconds 
  Import took 0.033716 seconds .

========================================================================
Received Import Request.
  Time since last request: 3.550537 seconds.
  path: Assets/Shaders/Chapter5/Chapter5-SimpleShader.shader
  artifactKey: Guid(0acf1e18ee1694bd0a1235040f050320) Importer(815301076,1909f56bfc062723c751e8b465ee728b)
Start importing Assets/Shaders/Chapter5/Chapter5-SimpleShader.shader using Guid(0acf1e18ee1694bd0a1235040f050320) Importer(815301076,1909f56bfc062723c751e8b465ee728b)  -> (artifact id: 'd1c17e29bc5ded3fe00679ae1e9d834c') in 0.007445 seconds 
  Import took 0.011801 seconds .

AssetImportWorkerClient::OnTransportError - code=2 error=End of file
